2024/08/20 09:09:36 [notice] 1#1: using the "epoll" event method
2024/08/20 09:09:36 [notice] 1#1: nginx/1.22.1
2024/08/20 09:09:36 [notice] 1#1: built by gcc 11.2.1 20220219 (Alpine 11.2.1_git20220219) 
2024/08/20 09:09:36 [notice] 1#1: OS: Linux 6.6.31-linuxkit
2024/08/20 09:09:36 [notice] 1#1: getrlimit(RLIMIT_NOFILE): 1048576:1048576
2024/08/20 09:09:36 [notice] 1#1: start worker processes
2024/08/20 09:09:36 [notice] 1#1: start worker process 29
2024/08/20 09:09:36 [notice] 1#1: start worker process 30
2024/08/20 09:09:36 [notice] 1#1: start worker process 31
2024/08/20 09:09:36 [notice] 1#1: start worker process 32
2024/08/20 09:09:36 [notice] 1#1: start worker process 33
2024/08/20 09:09:36 [notice] 1#1: start worker process 34
2024/08/20 09:09:36 [notice] 1#1: start worker process 35
2024/08/20 09:09:36 [notice] 1#1: start worker process 36
2024/08/20 12:30:48 [notice] 1#1: using the "epoll" event method
2024/08/20 12:30:48 [notice] 1#1: nginx/1.26.2
2024/08/20 12:30:48 [notice] 1#1: built by gcc 13.2.1 20240309 (Alpine 13.2.1_git20240309) 
2024/08/20 12:30:48 [notice] 1#1: OS: Linux 6.8.0-40-generic
2024/08/20 12:30:48 [notice] 1#1: getrlimit(RLIMIT_NOFILE): 1048576:1048576
2024/08/20 12:30:48 [notice] 1#1: start worker processes
2024/08/20 12:30:48 [notice] 1#1: start worker process 29
2024/08/20 12:30:48 [notice] 1#1: start worker process 30
2024/08/20 12:30:48 [notice] 1#1: start worker process 31
2024/08/20 12:30:48 [notice] 1#1: start worker process 32
2024/08/20 12:30:48 [notice] 1#1: start worker process 33
2024/08/20 12:30:48 [notice] 1#1: start worker process 34
2024/08/20 12:30:48 [notice] 1#1: start worker process 35
2024/08/20 12:30:48 [notice] 1#1: start worker process 36
2024/08/20 12:30:48 [notice] 1#1: start worker process 37
2024/08/20 12:30:48 [notice] 1#1: start worker process 38
2024/08/20 12:30:48 [notice] 1#1: start worker process 39
2024/08/20 12:30:48 [notice] 1#1: start worker process 40
2024/08/20 12:30:48 [notice] 1#1: start worker process 41
2024/08/20 12:30:48 [notice] 1#1: start worker process 42
2024/08/20 12:30:48 [notice] 1#1: start worker process 43
2024/08/20 12:30:48 [notice] 1#1: start worker process 44
